<?xml version="1.0" encoding="utf-8"?><testsuites name="pytest tests"><testsuite name="pytest" errors="0" failures="0" skipped="0" tests="20" time="9.780" timestamp="2026-09-12T07:13:01.995276+00:00" hostname="agent-env-eb96d578-05ae-48a3-bcd0-719598ed6b5e"><testcase classname="tests.test_hirelens_api.TestRankings" name="test_rankings_count_and_sort" time="0.190" /><testcase classname="tests.test_hirelens_api.TestAuth" name="test_demo_login" time="0.168" /><testcase classname="tests.test_hirelens_api.TestAuth" name="test_signup_and_login" time="0.570" /><testcase classname="tests.test_hirelens_api.TestRankings" name="test_expected_top_three" time="0.276" /><testcase classname="tests.test_hirelens_api.TestRankings" name="test_ranking_fields_present" time="0.274" /><testcase classname="tests.test_hirelens_api.TestAuth" name="test_signup_short_password_rejected" time="0.058" /><testcase classname="tests.test_hirelens_api.TestRankings" name="test_determinism_run_twice" time="0.309" /><testcase classname="tests.test_hirelens_api.TestAuth" name="test_login_wrong_password_rejected" time="0.096" /><testcase classname="tests.test_hirelens_api.TestCandidateDetail" name="test_candidate_detail" time="0.458" /><testcase classname="tests.test_hirelens_api.TestJobs" name="test_list_jobs" time="0.062" /><testcase classname="tests.test_hirelens_api.TestJobs" name="test_job_detail" time="0.063" /><testcase classname="tests.test_hirelens_api.TestJobs" name="test_create_job_and_verify" time="0.176" /><testcase classname="tests.test_hirelens_api.TestCandidateDetail" name="test_candidate_not_found" time="0.065" /><testcase classname="tests.test_hirelens_api.TestJobs" name="test_job_not_found" time="0.062" /><testcase classname="tests.test_hirelens_api.TestRecruiterAI" name="test_why_top_above_second" time="5.851" /><testcase classname="tests.test_hirelens_api.TestTechnicalAndInsights" name="test_technical_analysis" time="1.661" /><testcase classname="tests.test_hirelens_api.TestTechnicalAndInsights" name="test_insights" time="0.063" /><testcase classname="tests.test_hirelens_api.TestOverview" name="test_overview_metrics" time="0.144" /><testcase classname="tests.test_hirelens_api.TestRecruiterAI" name="test_missing_skill_question" time="2.108" /><testcase classname="tests.test_hirelens_api.TestHealth" name="test_health" time="0.069" /></testsuite></testsuites>