<?xml version="1.0" encoding="utf-8"?><testsuites name="pytest tests"><testsuite name="pytest" errors="0" failures="0" skipped="0" tests="8" time="1.119" timestamp="2026-09-12T07:40:15.129812+00:00" hostname="agent-env-eb96d578-05ae-48a3-bcd0-719598ed6b5e"><testcase classname="tests.test_auth_google_session.TestAuthRegression" name="test_demo_login_returns_token_and_user" time="0.247" /><testcase classname="tests.test_auth_google_session.TestGoogleSessionExchange" name="test_invalid_session_id_returns_401" time="0.479" /><testcase classname="tests.test_auth_google_session.TestAuthRegression" name="test_overview_metrics" time="0.156" /><testcase classname="tests.test_auth_google_session.TestAuthRegression" name="test_rankings_return_18_candidates_sorted" time="0.087" /><testcase classname="tests.test_auth_google_session.TestGoogleSessionExchange" name="test_missing_session_id_field_returns_422" time="0.067" /><testcase classname="tests.test_auth_google_session.TestAuthRegression" name="test_email_login_invalid_credentials_401" time="0.099" /><testcase classname="tests.test_auth_google_session.TestGoogleSessionExchange" name="test_wrong_field_name_returns_422" time="0.103" /><testcase classname="tests.test_auth_google_session.TestGoogleSessionExchange" name="test_empty_session_id_string_rejected" time="0.136" /></testsuite></testsuites>