<?xml version="1.0" encoding="utf-8"?><testsuites name="pytest tests"><testsuite name="pytest" errors="0" failures="0" skipped="0" tests="16" time="6.092" timestamp="2026-09-12T08:08:54.541091+00:00" hostname="agent-env-eb96d578-05ae-48a3-bcd0-719598ed6b5e"><testcase classname="tests.test_hirelens_iter3.TestRealDatasetRankings" name="test_rankings_18_real_candidates" time="0.176" /><testcase classname="tests.test_hirelens_iter3.TestRealDatasetRankings" name="test_rankings_ids_and_order" time="0.065" /><testcase classname="tests.test_hirelens_iter3.TestJobLifecycle" name="test_create_job" time="0.313" /><testcase classname="tests.test_hirelens_iter3.TestRealDatasetRankings" name="test_rankings_expected_positions" time="0.070" /><testcase classname="tests.test_hirelens_iter3.TestCandidateDetail" name="test_aditya_joshi_detail" time="0.717" /><testcase classname="tests.test_hirelens_iter3.TestJobLifecycle" name="test_jd_extraction" time="3.113" /><testcase classname="tests.test_hirelens_iter3.TestCandidateDetail" name="test_unknown_candidate_404" time="1.435" /><testcase classname="tests.test_hirelens_iter3.TestRegressions" name="test_demo_login" time="0.066" /><testcase classname="tests.test_hirelens_iter3.TestRegressions" name="test_recruiter_ai" time="2.451" /><testcase classname="tests.test_hirelens_iter3.TestJobLifecycle" name="test_new_job_screening_empty" time="0.070" /><testcase classname="tests.test_hirelens_iter3.TestJobLifecycle" name="test_jobs_list_contains_new_job" time="0.067" /><testcase classname="tests.test_hirelens_iter3.TestJobLifecycle" name="test_delete_demo_job_protected" time="0.136" /><testcase classname="tests.test_hirelens_iter3.TestJobLifecycle" name="test_delete_created_job" time="0.195" /><testcase classname="tests.test_hirelens_iter3.TestJobInsights" name="test_high_density_warning" time="0.063" /><testcase classname="tests.test_hirelens_iter3.TestOverview" name="test_overview_metrics" time="0.716" /><testcase classname="tests.test_hirelens_iter3.TestCsvExport" name="test_csv_export" time="0.058" /></testsuite></testsuites>